<?xml version="1.0" encoding="UTF-8"?>
<testsuite name="com.mth.login.qa.runners.CompraRequestRunner" tests="0" skipped="0" failures="0" errors="0" timestamp="1970-01-01T00:00:00" hostname="SQABOG-PCC80094" time="0.0">
  <properties/>
  <system-out><![CDATA[
?[31mFailed scenarios:?[0m
?[31msrc/test/resources/com/mth/features/qa/Continuidad_mth.feature:31 ?[0m# Continuidad mth
?[31msrc/test/resources/com/mth/features/qa/Continuidad_mth.feature:32 ?[0m# Continuidad mth
?[31msrc/test/resources/com/mth/features/qa/Continuidad_mth.feature:33 ?[0m# Continuidad mth

3 Scenarios (?[31m3 failed?[0m)
30 Steps (?[31m3 failed?[0m, ?[36m15 skipped?[0m, ?[32m12 passed?[0m)
0m53,437s

java.lang.IndexOutOfBoundsException: Index: 1, Size: 1
	at java.util.ArrayList.rangeCheck(ArrayList.java:659)
	at java.util.ArrayList.get(ArrayList.java:435)
	at java.util.Collections$UnmodifiableList.get(Collections.java:1311)
	at com.mth.login.qa.stepdefinitions.CompraRequestStepDefinitions.ingreso_los_datos_del_request_Transpaso_Saldo(CompraRequestStepDefinitions.java:48)
	at ?.ingreso los datos del request Transpaso Saldo(src/test/resources/com/mth/features/qa/Continuidad_mth.feature:12)

java.lang.IndexOutOfBoundsException: Index: 1, Size: 1
	at java.util.ArrayList.rangeCheck(ArrayList.java:659)
	at java.util.ArrayList.get(ArrayList.java:435)
	at java.util.Collections$UnmodifiableList.get(Collections.java:1311)
	at com.mth.login.qa.stepdefinitions.CompraRequestStepDefinitions.ingreso_los_datos_del_request_Transpaso_Saldo(CompraRequestStepDefinitions.java:48)
	at ?.ingreso los datos del request Transpaso Saldo(src/test/resources/com/mth/features/qa/Continuidad_mth.feature:12)

java.lang.IndexOutOfBoundsException: Index: 1, Size: 1
	at java.util.ArrayList.rangeCheck(ArrayList.java:659)
	at java.util.ArrayList.get(ArrayList.java:435)
	at java.util.Collections$UnmodifiableList.get(Collections.java:1311)
	at com.mth.login.qa.stepdefinitions.CompraRequestStepDefinitions.ingreso_los_datos_del_request_Transpaso_Saldo(CompraRequestStepDefinitions.java:48)
	at ?.ingreso los datos del request Transpaso Saldo(src/test/resources/com/mth/features/qa/Continuidad_mth.feature:12)

]]></system-out>
  <system-err><![CDATA[[Test worker] INFO net.thucydides.core.steps.ConsoleLoggingListener - 

-------------------------------------------------------------------------------------
     _______. _______ .______       _______ .__   __.  __  .___________.____    ____ 
    /       ||   ____||   _  \     |   ____||  \ |  | |  | |           |\   \  /   / 
   |   (----`|  |__   |  |_)  |    |  |__   |   \|  | |  | `---|  |----` \   \/   /  
    \   \    |   __|  |      /     |   __|  |  . `  | |  |     |  |       \_    _/   
.----)   |   |  |____ |  |\  \----.|  |____ |  |\   | |  |     |  |         |  |     
|_______/    |_______|| _| `._____||_______||__| \__| |__|     |__|         |__|    
                                                                                     
 News and tutorials at http://www.serenity-bdd.info                                  
 Documentation at https://wakaleo.gitbooks.io/the-serenity-book/content/             
 Join the Serenity Community on Rocket Chat at https://serenity-bdd.rocket.chat      
 Serenity BDD Support and Training at http://serenity-bdd.info/#/trainingandsupport  
 Learn Serenity BDD online at http://serenity-dojo.com                               
-------------------------------------------------------------------------------------

[Test worker] INFO net.thucydides.core.steps.ConsoleLoggingListener - Test Suite Started: Continuidad de MTH
[Test worker] INFO net.thucydides.core.steps.ConsoleLoggingListener - 
 _____ _____ ____ _____   ____ _____  _    ____ _____ _____ ____  
|_   _| ____/ ___|_   _| / ___|_   _|/ \  |  _ \_   _| ____|  _ \ 
  | | |  _| \___ \ | |   \___ \ | | / _ \ | |_) || | |  _| | | | |
  | | | |___ ___) || |    ___) || |/ ___ \|  _ < | | | |___| |_| |
  |_| |_____|____/ |_|   |____/ |_/_/   \_\_| \_\|_| |_____|____/ 
                                                                  

TEST STARTED: Continuidad mth
-------------------------------------------------------------------(continuidad-de-mth;continuidad-mth)
]]></system-err>
</testsuite>
